\BOOKMARK [1][-]{section.1}{Introduction}{}% 1
\BOOKMARK [1][-]{section.2}{Results}{}% 2
\BOOKMARK [2][-]{subsection.2.1}{Transient increases in mean number of active neurons and variance in number of active neurons at stimulus onset}{section.2}% 3
\BOOKMARK [2][-]{subsection.2.2}{Conway-Maxwell-binomial distribution fits better than binomial or beta-binomial}{section.2}% 4
\BOOKMARK [2][-]{subsection.2.3}{Conway-Maxwell-binomial distribution captures changes in association at stimulus onset}{section.2}% 5
\BOOKMARK [2][-]{subsection.2.4}{Reproduced stimulus related quenching of neural variability}{section.2}% 6
\BOOKMARK [1][-]{section.3}{Discussion}{}% 7
\BOOKMARK [1][-]{section.4}{Data}{}% 8
\BOOKMARK [2][-]{subsection.4.1}{Experimental protocol}{section.4}% 9
\BOOKMARK [1][-]{section.5}{Methods}{}% 10
\BOOKMARK [2][-]{subsection.5.1}{Binning data}{section.5}% 11
\BOOKMARK [2][-]{subsection.5.2}{Number of active neurons}{section.5}% 12
\BOOKMARK [2][-]{subsection.5.3}{Moving windows for measurements}{section.5}% 13
\BOOKMARK [2][-]{subsection.5.4}{Fano factor}{section.5}% 14
\BOOKMARK [2][-]{subsection.5.5}{Probability Distributions suitable for modelling ensemble activity}{section.5}% 15
\BOOKMARK [3][-]{subsubsection.5.5.1}{Association}{subsection.5.5}% 16
\BOOKMARK [3][-]{subsubsection.5.5.2}{Binomial distribution}{subsection.5.5}% 17
\BOOKMARK [3][-]{subsubsection.5.5.3}{Beta-binomial distribution}{subsection.5.5}% 18
\BOOKMARK [3][-]{subsubsection.5.5.4}{Conway-Maxwell-binomial distribution}{subsection.5.5}% 19
\BOOKMARK [2][-]{subsection.5.6}{Fitting}{section.5}% 20
\BOOKMARK [2][-]{subsection.5.7}{Goodness-of-fit}{section.5}% 21
\BOOKMARK [1][-]{section.6}{Discussion}{}% 22
